/Library/Developer/CommandLineTools/usr/bin/python3: can't open file '/Users/devandesai/Documents/GitHub/Morning-Digest-Project/sports_digest.py': [Errno 1] Operation not permitted
=== CRON RUN Tue Dec 23 08:00:02 EST 2025 ===
/Library/Developer/CommandLineTools/usr/bin/python3: can't open file '/Users/devandesai/Documents/GitHub/Morning-Digest-Project/sports_digest.py': [Errno 1] Operation not permitted
=== MANUAL TEST Tue Dec 23 08:35:01 EST 2025 ===
Traceback (most recent call last):
  File "/Users/devandesai/morning-digest/Morning-Digest-Project/sports_digest.py", line 33, in <module>
    main()
  File "/Users/devandesai/morning-digest/Morning-Digest-Project/sports_digest.py", line 19, in main
    yest, today, important = build_sports_digest(teams, tz_name, api_key, thresholds)
                             ^^^^^^^^^^^^^^^^^^^^^^^^^^^^^^^^^^^^^^^^^^^^^^^^^^^^^^^^
  File "/Users/devandesai/morning-digest/Morning-Digest-Project/sports.py", line 243, in build_sports_digest
    next_events = _get_next_events(session, base_url, cache, team_id)
                  ^^^^^^^^^^^^^^^^^^^^^^^^^^^^^^^^^^^^^^^^^^^^^^^^^^^
  File "/Users/devandesai/morning-digest/Morning-Digest-Project/sports.py", line 177, in _get_next_events
    data = _get_events_cached(session, base_url, cache, key, "eventsnext.php", {"id": team_id})
           ^^^^^^^^^^^^^^^^^^^^^^^^^^^^^^^^^^^^^^^^^^^^^^^^^^^^^^^^^^^^^^^^^^^^^^^^^^^^^^^^^^^^
  File "/Users/devandesai/morning-digest/Morning-Digest-Project/sports.py", line 165, in _get_events_cached
    data = _request_json(session, f"{base_url}/{url_path}", params)
           ^^^^^^^^^^^^^^^^^^^^^^^^^^^^^^^^^^^^^^^^^^^^^^^^^^^^^^^^
  File "/Users/devandesai/morning-digest/Morning-Digest-Project/sports.py", line 84, in _request_json
    time.sleep(sleep_s)
KeyboardInterrupt
=== MANUAL TEST Tue Dec 23 08:35:32 EST 2025 ===
Traceback (most recent call last):
  File "/Users/devandesai/morning-digest/Morning-Digest-Project/sports_digest.py", line 33, in <module>
    main()
  File "/Users/devandesai/morning-digest/Morning-Digest-Project/sports_digest.py", line 19, in main
    yest, today, important = build_sports_digest(teams, tz_name, api_key, thresholds)
                             ^^^^^^^^^^^^^^^^^^^^^^^^^^^^^^^^^^^^^^^^^^^^^^^^^^^^^^^^
  File "/Users/devandesai/morning-digest/Morning-Digest-Project/sports.py", line 243, in build_sports_digest
    next_events = _get_next_events(session, base_url, cache, team_id)
                  ^^^^^^^^^^^^^^^^^^^^^^^^^^^^^^^^^^^^^^^^^^^^^^^^^^^
  File "/Users/devandesai/morning-digest/Morning-Digest-Project/sports.py", line 177, in _get_next_events
    data = _get_events_cached(session, base_url, cache, key, "eventsnext.php", {"id": team_id})
           ^^^^^^^^^^^^^^^^^^^^^^^^^^^^^^^^^^^^^^^^^^^^^^^^^^^^^^^^^^^^^^^^^^^^^^^^^^^^^^^^^^^^
  File "/Users/devandesai/morning-digest/Morning-Digest-Project/sports.py", line 165, in _get_events_cached
    data = _request_json(session, f"{base_url}/{url_path}", params)
           ^^^^^^^^^^^^^^^^^^^^^^^^^^^^^^^^^^^^^^^^^^^^^^^^^^^^^^^^
  File "/Users/devandesai/morning-digest/Morning-Digest-Project/sports.py", line 84, in _request_json
    time.sleep(sleep_s)
KeyboardInterrupt
=== MANUAL TEST Tue Dec 23 08:35:48 EST 2025 ===
✅ Posted sports digest to Discord!
=== CRON FIRED Wed Dec 24 08:00:01 EST 2025 ===
Traceback (most recent call last):
  File "/Users/devandesai/morning-digest/Morning-Digest-Project/sports_digest.py", line 36, in <module>
    main()
  File "/Users/devandesai/morning-digest/Morning-Digest-Project/sports_digest.py", line 7, in main
    with open("config.json", "r") as f:
         ^^^^^^^^^^^^^^^^^^^^^^^^
FileNotFoundError: [Errno 2] No such file or directory: 'config.json'
=== CRON FIRED Thu Dec 25 08:00:02 EST 2025 ===
✅ Posted sports digest to Discord!
=== CRON FIRED Fri Dec 26 08:00:02 EST 2025 ===
✅ Posted sports digest to Discord!
=== CRON FIRED Sun Dec 28 08:00:02 EST 2025 ===
✅ Posted sports digest to Discord!
=== CRON FIRED Tue Dec 30 08:00:04 EST 2025 ===
✅ Posted sports digest to Discord!
=== CRON FIRED Wed Dec 31 08:00:01 EST 2025 ===
✅ Posted sports digest to Discord!
=== CRON FIRED Thu Jan  1 08:00:01 EST 2026 ===
✅ Posted sports digest to Discord!
=== CRON FIRED Fri Jan  2 08:00:01 EST 2026 ===
✅ Posted sports digest to Discord!
=== CRON FIRED Mon Jan  5 08:00:01 EST 2026 ===
✅ Posted sports digest to Discord!
=== CRON FIRED Tue Jan  6 08:00:01 EST 2026 ===
✅ Posted sports digest to Discord!
=== CRON FIRED Wed Jan  7 08:00:01 EST 2026 ===
✅ Posted sports digest to Discord!
=== CRON FIRED Thu Jan  8 08:00:02 EST 2026 ===
✅ Posted sports digest to Discord!
=== CRON FIRED Fri Jan  9 08:00:02 EST 2026 ===
✅ Posted sports digest to Discord!
=== CRON FIRED Sat Jan 10 08:00:02 EST 2026 ===
✅ Posted sports digest to Discord!
=== CRON FIRED Sun Jan 11 08:00:02 EST 2026 ===
✅ Posted sports digest to Discord!
=== CRON FIRED Mon Jan 12 08:00:02 EST 2026 ===
✅ Posted sports digest to Discord!
=== CRON FIRED Tue Jan 13 08:00:02 EST 2026 ===
✅ Posted sports digest to Discord!
=== CRON FIRED Wed Jan 14 08:00:02 EST 2026 ===
✅ Posted sports digest to Discord!
=== CRON FIRED Thu Jan 15 08:00:01 EST 2026 ===
✅ Posted sports digest to Discord!
=== CRON FIRED Sat Jan 17 08:00:03 EST 2026 ===
✅ Posted sports digest to Discord!
=== CRON FIRED Sun Jan 18 08:00:02 EST 2026 ===
✅ Posted sports digest to Discord!
=== CRON FIRED Mon Jan 19 08:00:03 EST 2026 ===
✅ Posted sports digest to Discord!
=== CRON FIRED Tue Jan 20 08:00:02 EST 2026 ===
✅ Posted sports digest to Discord!
=== CRON FIRED Wed Jan 21 08:00:01 EST 2026 ===
✅ Posted sports digest to Discord!
=== CRON FIRED Thu Jan 22 08:00:02 EST 2026 ===
✅ Posted sports digest to Discord!
=== CRON FIRED Sat Jan 24 08:00:03 EST 2026 ===
✅ Posted sports digest to Discord!
=== CRON FIRED Sun Jan 25 08:00:03 EST 2026 ===
✅ Posted sports digest to Discord!
=== CRON FIRED Tue Jan 27 08:00:01 EST 2026 ===
✅ Posted sports digest to Discord!
=== CRON FIRED Wed Jan 28 08:00:02 EST 2026 ===
✅ Posted sports digest to Discord!
=== CRON FIRED Thu Jan 29 08:00:02 EST 2026 ===
✅ Posted sports digest to Discord!
=== CRON FIRED Tue Feb 10 08:00:02 EST 2026 ===
✅ Posted sports digest to Discord!
=== CRON FIRED Wed Feb 11 08:00:02 EST 2026 ===
✅ Posted sports digest to Discord!
=== CRON FIRED Thu Feb 12 08:00:03 EST 2026 ===
✅ Posted sports digest to Discord!
=== CRON FIRED Fri Feb 13 08:00:05 EST 2026 ===
✅ Posted sports digest to Discord!
=== CRON FIRED Sat Feb 14 08:00:03 EST 2026 ===
✅ Posted sports digest to Discord!
=== CRON FIRED Sun Feb 15 08:00:01 EST 2026 ===
✅ Posted sports digest to Discord!
=== CRON FIRED Mon Feb 16 08:00:02 EST 2026 ===
✅ Posted sports digest to Discord!
=== CRON FIRED Wed Feb 18 08:00:02 EST 2026 ===
✅ Posted sports digest to Discord!
=== CRON FIRED Thu Feb 19 08:07:07 EST 2026 ===
✅ Posted sports digest to Discord!
=== CRON FIRED Fri Feb 20 08:00:02 EST 2026 ===
✅ Posted sports digest to Discord!
=== CRON FIRED Sat Feb 21 08:00:01 EST 2026 ===
✅ Posted sports digest to Discord!
=== CRON FIRED Sun Feb 22 08:00:01 EST 2026 ===
✅ Posted sports digest to Discord!
=== CRON FIRED Mon Feb 23 08:00:02 EST 2026 ===
✅ Posted sports digest to Discord!
=== CRON FIRED Tue Feb 24 08:00:01 EST 2026 ===
✅ Posted sports digest to Discord!
=== CRON FIRED Wed Feb 25 08:00:01 EST 2026 ===
✅ Posted sports digest to Discord!
=== CRON FIRED Sat Feb 28 08:00:02 EST 2026 ===
✅ Posted sports digest to Discord!
=== CRON FIRED Sun Mar  1 08:00:02 EST 2026 ===
✅ Posted sports digest to Discord!
=== CRON FIRED Mon Mar  2 08:00:02 EST 2026 ===
✅ Posted sports digest to Discord!
=== CRON FIRED Tue Mar  3 08:00:02 EST 2026 ===
✅ Posted sports digest to Discord!
=== CRON FIRED Wed Mar  4 08:00:02 EST 2026 ===
✅ Posted sports digest to Discord!
=== CRON FIRED Thu Mar  5 08:00:01 EST 2026 ===
✅ Posted sports digest to Discord!
=== CRON FIRED Fri Mar  6 08:00:05 EST 2026 ===
✅ Posted sports digest to Discord!
=== CRON FIRED Sun Mar 15 08:00:01 EDT 2026 ===
✅ Posted sports digest to Discord!
